0 info it worked if it ends with ok
1 verbose cli [ '/usr/local/Cellar/node/5.9.1/bin/node',
1 verbose cli   '/usr/local/bin/npm',
1 verbose cli   'start' ]
2 info using npm@4.1.2
3 info using node@v5.9.1
4 verbose run-script [ 'prestart', 'start', 'poststart' ]
5 info lifecycle homework@1.0.0~prestart: homework@1.0.0
6 silly lifecycle homework@1.0.0~prestart: no script for prestart, continuing
7 info lifecycle homework@1.0.0~start: homework@1.0.0
8 verbose lifecycle homework@1.0.0~start: unsafe-perm in lifecycle true
9 verbose lifecycle homework@1.0.0~start: PATH: /usr/local/lib/node_modules/npm/bin/node-gyp-bin:/Users/user/cohort_9/11week/homework/node_modules/.bin:/Applications/Postgres.app/Contents/Versions/9.5/bin:/Users/user/.rbenv/shims:/Users/user/.rbenv/shims:/usr/local/bin:/Users/user/bin:/usr/local/bin:/usr/bin:/bin:/usr/sbin:/sbin:/Users/user/junit
10 verbose lifecycle homework@1.0.0~start: CWD: /Users/user/cohort_9/11week/homework
11 silly lifecycle homework@1.0.0~start: Args: [ '-c', 'nodewebkit' ]
12 info lifecycle homework@1.0.0~start: Failed to exec start script
13 verbose stack Error: homework@1.0.0 start: `nodewebkit`
13 verbose stack spawn ENOENT
13 verbose stack     at ChildProcess.<anonymous> (/usr/local/lib/node_modules/npm/lib/utils/spawn.js:33:16)
13 verbose stack     at emitTwo (events.js:100:13)
13 verbose stack     at ChildProcess.emit (events.js:185:7)
13 verbose stack     at maybeClose (internal/child_process.js:850:16)
13 verbose stack     at Process.ChildProcess._handle.onexit (internal/child_process.js:215:5)
14 verbose pkgid homework@1.0.0
15 verbose cwd /Users/user/cohort_9/11week/homework
16 error Darwin 15.6.0
17 error argv "/usr/local/Cellar/node/5.9.1/bin/node" "/usr/local/bin/npm" "start"
18 error node v5.9.1
19 error npm  v4.1.2
20 error file sh
21 error code ELIFECYCLE
22 error errno ENOENT
23 error syscall spawn
24 error homework@1.0.0 start: `nodewebkit`
24 error spawn ENOENT
25 error Failed at the homework@1.0.0 start script 'nodewebkit'.
25 error Make sure you have the latest version of node.js and npm installed.
25 error If you do, this is most likely a problem with the homework package,
25 error not with npm itself.
25 error Tell the author that this fails on your system:
25 error     nodewebkit
25 error You can get information on how to open an issue for this project with:
25 error     npm bugs homework
25 error Or if that isn't available, you can get their info via:
25 error     npm owner ls homework
25 error There is likely additional logging output above.
26 verbose exit [ 1, true ]
